<?xml version="1.0" encoding="UTF-8"?><testrun name="qachallenge" project="qachallenge" tests="2" started="2" failures="0" errors="1" ignored="0">
  <testsuite name="base.TestRunner" time="8.483">
    <testsuite name="Right Balance Main Page Tour" time="8.483">
      <testcase name="Clicks through headers #1" classname="Right Balance Main Page Tour" time="5.922"/>
      <testcase name="Clicks through headers #2" classname="Right Balance Main Page Tour" time="2.561">
        <error>org.openqa.selenium.NoSuchElementException: No such element found!
For documentation on this error, please visit: https://www.selenium.dev/documentation/webdriver/troubleshooting/errors#no-such-element-exception
Build info: version: '4.11.0', revision: '040bc5406b'
System info: os.name: 'Windows 10', os.arch: 'amd64', os.version: '10.0', java.version: '17.0.2'
Driver info: driver.version: unknown&#13;
	at pages.rightBalance.CaseStudies.validateTxtMessage(CaseStudies.java:76)&#13;
	at steps.Then.rightBalance.ThenStepsInterviewChallenge.the_page_should_display_the_info_at_the_bottom_of_the_page(ThenStepsInterviewChallenge.java:28)&#13;
	at ✽.the page should display the info "LET�S CHAT" at the bottom of the page(file:///C:/Users/PC%20Gamer/Repo2/QAChallengeRB/qachallenge/src/specifications/rightBalance/rightBalanceTour.feature:16)&#13;
&#13;
</error>
      </testcase>
    </testsuite>
  </testsuite>
</testrun>
